PHPUnit 5.7.19 by Sebastian Bergmann and contributors.

EEEEEEEE..FFEFFF.F.FE.F                                           23 / 23 (100%)

Time: 20.38 seconds, Memory: 38.00MB

There were 10 errors:

1) ClientesTest::testClienteCanBeCreated
InvalidArgumentException: Could not find a form that has submit button [Cadastrar Cliente].

/Users/mauricio/Documents/facu/2017/1S/pp_i/pousada-original/4-Implementacao/4.1-Codigo_Fonte/vendor/laravel/framework/src/Illuminate/Foundation/Testing/Concerns/InteractsWithPages.php:624
/Users/mauricio/Documents/facu/2017/1S/pp_i/pousada-original/4-Implementacao/4.1-Codigo_Fonte/vendor/laravel/framework/src/Illuminate/Foundation/Testing/Concerns/InteractsWithPages.php:604
/Users/mauricio/Documents/facu/2017/1S/pp_i/pousada-original/4-Implementacao/4.1-Codigo_Fonte/vendor/laravel/framework/src/Illuminate/Foundation/Testing/Concerns/InteractsWithPages.php:584
/Users/mauricio/Documents/facu/2017/1S/pp_i/pousada-original/4-Implementacao/4.1-Codigo_Fonte/tests/ClientesTest.php:35

2) ClientesTest::testListAllClientes
InvalidArgumentException: The current node list is empty.

/Users/mauricio/Documents/facu/2017/1S/pp_i/pousada-original/4-Implementacao/4.1-Codigo_Fonte/vendor/symfony/dom-crawler/Crawler.php:584
/Users/mauricio/Documents/facu/2017/1S/pp_i/pousada-original/4-Implementacao/4.1-Codigo_Fonte/vendor/laravel/framework/src/Illuminate/Foundation/Testing/Constraints/PageConstraint.php:20
/Users/mauricio/Documents/facu/2017/1S/pp_i/pousada-original/4-Implementacao/4.1-Codigo_Fonte/vendor/laravel/framework/src/Illuminate/Foundation/Testing/Constraints/HasSource.php:35
/Users/mauricio/Documents/facu/2017/1S/pp_i/pousada-original/4-Implementacao/4.1-Codigo_Fonte/vendor/laravel/framework/src/Illuminate/Foundation/Testing/Concerns/InteractsWithPages.php:275
/Users/mauricio/Documents/facu/2017/1S/pp_i/pousada-original/4-Implementacao/4.1-Codigo_Fonte/vendor/laravel/framework/src/Illuminate/Foundation/Testing/Concerns/InteractsWithPages.php:291
/Users/mauricio/Documents/facu/2017/1S/pp_i/pousada-original/4-Implementacao/4.1-Codigo_Fonte/tests/ClientesTest.php:63

3) ClientesTest::testFindCliente
InvalidArgumentException: Nothing matched the filter [#dni] CSS query provided for [http://localhost/clientes].

/Users/mauricio/Documents/facu/2017/1S/pp_i/pousada-original/4-Implementacao/4.1-Codigo_Fonte/vendor/laravel/framework/src/Illuminate/Foundation/Testing/Concerns/InteractsWithPages.php:661
/Users/mauricio/Documents/facu/2017/1S/pp_i/pousada-original/4-Implementacao/4.1-Codigo_Fonte/vendor/laravel/framework/src/Illuminate/Foundation/Testing/Concerns/InteractsWithPages.php:639
/Users/mauricio/Documents/facu/2017/1S/pp_i/pousada-original/4-Implementacao/4.1-Codigo_Fonte/vendor/laravel/framework/src/Illuminate/Foundation/Testing/Concerns/InteractsWithPages.php:512
/Users/mauricio/Documents/facu/2017/1S/pp_i/pousada-original/4-Implementacao/4.1-Codigo_Fonte/tests/ClientesTest.php:75

4) ClientesTest::testNotFindCliente
InvalidArgumentException: Nothing matched the filter [#dni] CSS query provided for [http://localhost/clientes].

/Users/mauricio/Documents/facu/2017/1S/pp_i/pousada-original/4-Implementacao/4.1-Codigo_Fonte/vendor/laravel/framework/src/Illuminate/Foundation/Testing/Concerns/InteractsWithPages.php:661
/Users/mauricio/Documents/facu/2017/1S/pp_i/pousada-original/4-Implementacao/4.1-Codigo_Fonte/vendor/laravel/framework/src/Illuminate/Foundation/Testing/Concerns/InteractsWithPages.php:639
/Users/mauricio/Documents/facu/2017/1S/pp_i/pousada-original/4-Implementacao/4.1-Codigo_Fonte/vendor/laravel/framework/src/Illuminate/Foundation/Testing/Concerns/InteractsWithPages.php:512
/Users/mauricio/Documents/facu/2017/1S/pp_i/pousada-original/4-Implementacao/4.1-Codigo_Fonte/tests/ClientesTest.php:90

5) ClientesTest::testSeeClienteDetails
Symfony\Component\CssSelector\Exception\SyntaxErrorException: Expected selector, but <delimiter "#" at 1> found.

/Users/mauricio/Documents/facu/2017/1S/pp_i/pousada-original/4-Implementacao/4.1-Codigo_Fonte/vendor/symfony/css-selector/Exception/SyntaxErrorException.php:34
/Users/mauricio/Documents/facu/2017/1S/pp_i/pousada-original/4-Implementacao/4.1-Codigo_Fonte/vendor/symfony/css-selector/Parser/Parser.php:283
/Users/mauricio/Documents/facu/2017/1S/pp_i/pousada-original/4-Implementacao/4.1-Codigo_Fonte/vendor/symfony/css-selector/Parser/Parser.php:142
/Users/mauricio/Documents/facu/2017/1S/pp_i/pousada-original/4-Implementacao/4.1-Codigo_Fonte/vendor/symfony/css-selector/Parser/Parser.php:118
/Users/mauricio/Documents/facu/2017/1S/pp_i/pousada-original/4-Implementacao/4.1-Codigo_Fonte/vendor/symfony/css-selector/Parser/Parser.php:53
/Users/mauricio/Documents/facu/2017/1S/pp_i/pousada-original/4-Implementacao/4.1-Codigo_Fonte/vendor/symfony/css-selector/XPath/Translator.php:296
/Users/mauricio/Documents/facu/2017/1S/pp_i/pousada-original/4-Implementacao/4.1-Codigo_Fonte/vendor/symfony/css-selector/XPath/Translator.php:122
/Users/mauricio/Documents/facu/2017/1S/pp_i/pousada-original/4-Implementacao/4.1-Codigo_Fonte/vendor/symfony/css-selector/CssSelectorConverter.php:63
/Users/mauricio/Documents/facu/2017/1S/pp_i/pousada-original/4-Implementacao/4.1-Codigo_Fonte/vendor/symfony/dom-crawler/Crawler.php:674
/Users/mauricio/Documents/facu/2017/1S/pp_i/pousada-original/4-Implementacao/4.1-Codigo_Fonte/vendor/laravel/framework/src/Illuminate/Foundation/Testing/Concerns/InteractsWithPages.php:688
/Users/mauricio/Documents/facu/2017/1S/pp_i/pousada-original/4-Implementacao/4.1-Codigo_Fonte/vendor/laravel/framework/src/Illuminate/Foundation/Testing/Concerns/InteractsWithPages.php:489
/Users/mauricio/Documents/facu/2017/1S/pp_i/pousada-original/4-Implementacao/4.1-Codigo_Fonte/tests/ClientesTest.php:104

6) ClientesTest::testEditCliente
Symfony\Component\CssSelector\Exception\SyntaxErrorException: Expected selector, but <delimiter "#" at 1> found.

/Users/mauricio/Documents/facu/2017/1S/pp_i/pousada-original/4-Implementacao/4.1-Codigo_Fonte/vendor/symfony/css-selector/Exception/SyntaxErrorException.php:34
/Users/mauricio/Documents/facu/2017/1S/pp_i/pousada-original/4-Implementacao/4.1-Codigo_Fonte/vendor/symfony/css-selector/Parser/Parser.php:283
/Users/mauricio/Documents/facu/2017/1S/pp_i/pousada-original/4-Implementacao/4.1-Codigo_Fonte/vendor/symfony/css-selector/Parser/Parser.php:142
/Users/mauricio/Documents/facu/2017/1S/pp_i/pousada-original/4-Implementacao/4.1-Codigo_Fonte/vendor/symfony/css-selector/Parser/Parser.php:118
/Users/mauricio/Documents/facu/2017/1S/pp_i/pousada-original/4-Implementacao/4.1-Codigo_Fonte/vendor/symfony/css-selector/Parser/Parser.php:53
/Users/mauricio/Documents/facu/2017/1S/pp_i/pousada-original/4-Implementacao/4.1-Codigo_Fonte/vendor/symfony/css-selector/XPath/Translator.php:296
/Users/mauricio/Documents/facu/2017/1S/pp_i/pousada-original/4-Implementacao/4.1-Codigo_Fonte/vendor/symfony/css-selector/XPath/Translator.php:122
/Users/mauricio/Documents/facu/2017/1S/pp_i/pousada-original/4-Implementacao/4.1-Codigo_Fonte/vendor/symfony/css-selector/CssSelectorConverter.php:63
/Users/mauricio/Documents/facu/2017/1S/pp_i/pousada-original/4-Implementacao/4.1-Codigo_Fonte/vendor/symfony/dom-crawler/Crawler.php:674
/Users/mauricio/Documents/facu/2017/1S/pp_i/pousada-original/4-Implementacao/4.1-Codigo_Fonte/vendor/laravel/framework/src/Illuminate/Foundation/Testing/Concerns/InteractsWithPages.php:688
/Users/mauricio/Documents/facu/2017/1S/pp_i/pousada-original/4-Implementacao/4.1-Codigo_Fonte/vendor/laravel/framework/src/Illuminate/Foundation/Testing/Concerns/InteractsWithPages.php:489
/Users/mauricio/Documents/facu/2017/1S/pp_i/pousada-original/4-Implementacao/4.1-Codigo_Fonte/tests/ClientesTest.php:120

7) ClientesTest::testCancelDeleteCliente
Symfony\Component\CssSelector\Exception\SyntaxErrorException: Expected selector, but <delimiter "#" at 1> found.

/Users/mauricio/Documents/facu/2017/1S/pp_i/pousada-original/4-Implementacao/4.1-Codigo_Fonte/vendor/symfony/css-selector/Exception/SyntaxErrorException.php:34
/Users/mauricio/Documents/facu/2017/1S/pp_i/pousada-original/4-Implementacao/4.1-Codigo_Fonte/vendor/symfony/css-selector/Parser/Parser.php:283
/Users/mauricio/Documents/facu/2017/1S/pp_i/pousada-original/4-Implementacao/4.1-Codigo_Fonte/vendor/symfony/css-selector/Parser/Parser.php:142
/Users/mauricio/Documents/facu/2017/1S/pp_i/pousada-original/4-Implementacao/4.1-Codigo_Fonte/vendor/symfony/css-selector/Parser/Parser.php:118
/Users/mauricio/Documents/facu/2017/1S/pp_i/pousada-original/4-Implementacao/4.1-Codigo_Fonte/vendor/symfony/css-selector/Parser/Parser.php:53
/Users/mauricio/Documents/facu/2017/1S/pp_i/pousada-original/4-Implementacao/4.1-Codigo_Fonte/vendor/symfony/css-selector/XPath/Translator.php:296
/Users/mauricio/Documents/facu/2017/1S/pp_i/pousada-original/4-Implementacao/4.1-Codigo_Fonte/vendor/symfony/css-selector/XPath/Translator.php:122
/Users/mauricio/Documents/facu/2017/1S/pp_i/pousada-original/4-Implementacao/4.1-Codigo_Fonte/vendor/symfony/css-selector/CssSelectorConverter.php:63
/Users/mauricio/Documents/facu/2017/1S/pp_i/pousada-original/4-Implementacao/4.1-Codigo_Fonte/vendor/symfony/dom-crawler/Crawler.php:674
/Users/mauricio/Documents/facu/2017/1S/pp_i/pousada-original/4-Implementacao/4.1-Codigo_Fonte/vendor/laravel/framework/src/Illuminate/Foundation/Testing/Concerns/InteractsWithPages.php:688
/Users/mauricio/Documents/facu/2017/1S/pp_i/pousada-original/4-Implementacao/4.1-Codigo_Fonte/vendor/laravel/framework/src/Illuminate/Foundation/Testing/Concerns/InteractsWithPages.php:489
/Users/mauricio/Documents/facu/2017/1S/pp_i/pousada-original/4-Implementacao/4.1-Codigo_Fonte/tests/ClientesTest.php:137

8) ClientesTest::testDeleteCliente
Symfony\Component\CssSelector\Exception\SyntaxErrorException: Expected selector, but <delimiter "#" at 1> found.

/Users/mauricio/Documents/facu/2017/1S/pp_i/pousada-original/4-Implementacao/4.1-Codigo_Fonte/vendor/symfony/css-selector/Exception/SyntaxErrorException.php:34
/Users/mauricio/Documents/facu/2017/1S/pp_i/pousada-original/4-Implementacao/4.1-Codigo_Fonte/vendor/symfony/css-selector/Parser/Parser.php:283
/Users/mauricio/Documents/facu/2017/1S/pp_i/pousada-original/4-Implementacao/4.1-Codigo_Fonte/vendor/symfony/css-selector/Parser/Parser.php:142
/Users/mauricio/Documents/facu/2017/1S/pp_i/pousada-original/4-Implementacao/4.1-Codigo_Fonte/vendor/symfony/css-selector/Parser/Parser.php:118
/Users/mauricio/Documents/facu/2017/1S/pp_i/pousada-original/4-Implementacao/4.1-Codigo_Fonte/vendor/symfony/css-selector/Parser/Parser.php:53
/Users/mauricio/Documents/facu/2017/1S/pp_i/pousada-original/4-Implementacao/4.1-Codigo_Fonte/vendor/symfony/css-selector/XPath/Translator.php:296
/Users/mauricio/Documents/facu/2017/1S/pp_i/pousada-original/4-Implementacao/4.1-Codigo_Fonte/vendor/symfony/css-selector/XPath/Translator.php:122
/Users/mauricio/Documents/facu/2017/1S/pp_i/pousada-original/4-Implementacao/4.1-Codigo_Fonte/vendor/symfony/css-selector/CssSelectorConverter.php:63
/Users/mauricio/Documents/facu/2017/1S/pp_i/pousada-original/4-Implementacao/4.1-Codigo_Fonte/vendor/symfony/dom-crawler/Crawler.php:674
/Users/mauricio/Documents/facu/2017/1S/pp_i/pousada-original/4-Implementacao/4.1-Codigo_Fonte/vendor/laravel/framework/src/Illuminate/Foundation/Testing/Concerns/InteractsWithPages.php:688
/Users/mauricio/Documents/facu/2017/1S/pp_i/pousada-original/4-Implementacao/4.1-Codigo_Fonte/vendor/laravel/framework/src/Illuminate/Foundation/Testing/Concerns/InteractsWithPages.php:489
/Users/mauricio/Documents/facu/2017/1S/pp_i/pousada-original/4-Implementacao/4.1-Codigo_Fonte/tests/ClientesTest.php:153

9) UsuariosTest::testResetPasswordWithToken
Doctrine\DBAL\Exception\DriverException: An exception occurred while executing 'INSERT INTO password_resets (email, token) VALUES (?, ?)' with params ["mauri.rd@gmail.com", "token"]:

SQLSTATE[HY000]: General error: 1364 Field 'created_at' doesn't have a default value

/Users/mauricio/Documents/facu/2017/1S/pp_i/pousada-original/4-Implementacao/4.1-Codigo_Fonte/vendor/doctrine/dbal/lib/Doctrine/DBAL/Driver/AbstractMySQLDriver.php:115
/Users/mauricio/Documents/facu/2017/1S/pp_i/pousada-original/4-Implementacao/4.1-Codigo_Fonte/vendor/doctrine/dbal/lib/Doctrine/DBAL/DBALException.php:128
/Users/mauricio/Documents/facu/2017/1S/pp_i/pousada-original/4-Implementacao/4.1-Codigo_Fonte/vendor/doctrine/dbal/lib/Doctrine/DBAL/Connection.php:1015
/Users/mauricio/Documents/facu/2017/1S/pp_i/pousada-original/4-Implementacao/4.1-Codigo_Fonte/vendor/doctrine/dbal/lib/Doctrine/DBAL/Connection.php:714
/Users/mauricio/Documents/facu/2017/1S/pp_i/pousada-original/4-Implementacao/4.1-Codigo_Fonte/database/seeds/ResetPasswordSeeder.php:18
/Users/mauricio/Documents/facu/2017/1S/pp_i/pousada-original/4-Implementacao/4.1-Codigo_Fonte/vendor/laravel/framework/src/Illuminate/Database/Console/Seeds/SeedCommand.php:63
/Users/mauricio/Documents/facu/2017/1S/pp_i/pousada-original/4-Implementacao/4.1-Codigo_Fonte/vendor/laravel/framework/src/Illuminate/Database/Eloquent/Model.php:2292
/Users/mauricio/Documents/facu/2017/1S/pp_i/pousada-original/4-Implementacao/4.1-Codigo_Fonte/vendor/laravel/framework/src/Illuminate/Database/Console/Seeds/SeedCommand.php:64
/Users/mauricio/Documents/facu/2017/1S/pp_i/pousada-original/4-Implementacao/4.1-Codigo_Fonte/vendor/laravel/framework/src/Illuminate/Container/Container.php:508
/Users/mauricio/Documents/facu/2017/1S/pp_i/pousada-original/4-Implementacao/4.1-Codigo_Fonte/vendor/laravel/framework/src/Illuminate/Console/Command.php:169
/Users/mauricio/Documents/facu/2017/1S/pp_i/pousada-original/4-Implementacao/4.1-Codigo_Fonte/vendor/symfony/console/Command/Command.php:261
/Users/mauricio/Documents/facu/2017/1S/pp_i/pousada-original/4-Implementacao/4.1-Codigo_Fonte/vendor/laravel/framework/src/Illuminate/Console/Command.php:155
/Users/mauricio/Documents/facu/2017/1S/pp_i/pousada-original/4-Implementacao/4.1-Codigo_Fonte/vendor/symfony/console/Application.php:817
/Users/mauricio/Documents/facu/2017/1S/pp_i/pousada-original/4-Implementacao/4.1-Codigo_Fonte/vendor/symfony/console/Application.php:185
/Users/mauricio/Documents/facu/2017/1S/pp_i/pousada-original/4-Implementacao/4.1-Codigo_Fonte/vendor/symfony/console/Application.php:116
/Users/mauricio/Documents/facu/2017/1S/pp_i/pousada-original/4-Implementacao/4.1-Codigo_Fonte/vendor/laravel/framework/src/Illuminate/Console/Application.php:107
/Users/mauricio/Documents/facu/2017/1S/pp_i/pousada-original/4-Implementacao/4.1-Codigo_Fonte/vendor/laravel/framework/src/Illuminate/Foundation/Console/Kernel.php:218
/Users/mauricio/Documents/facu/2017/1S/pp_i/pousada-original/4-Implementacao/4.1-Codigo_Fonte/vendor/laravel/framework/src/Illuminate/Foundation/Testing/Concerns/InteractsWithConsole.php:25
/Users/mauricio/Documents/facu/2017/1S/pp_i/pousada-original/4-Implementacao/4.1-Codigo_Fonte/vendor/laravel/framework/src/Illuminate/Foundation/Testing/Concerns/InteractsWithDatabase.php:87
/Users/mauricio/Documents/facu/2017/1S/pp_i/pousada-original/4-Implementacao/4.1-Codigo_Fonte/tests/UsuariosTest.php:65

Caused by
Doctrine\DBAL\Driver\PDOException: SQLSTATE[HY000]: General error: 1364 Field 'created_at' doesn't have a default value

/Users/mauricio/Documents/facu/2017/1S/pp_i/pousada-original/4-Implementacao/4.1-Codigo_Fonte/vendor/doctrine/dbal/lib/Doctrine/DBAL/Driver/PDOStatement.php:93
/Users/mauricio/Documents/facu/2017/1S/pp_i/pousada-original/4-Implementacao/4.1-Codigo_Fonte/vendor/doctrine/dbal/lib/Doctrine/DBAL/Connection.php:1008
/Users/mauricio/Documents/facu/2017/1S/pp_i/pousada-original/4-Implementacao/4.1-Codigo_Fonte/vendor/doctrine/dbal/lib/Doctrine/DBAL/Connection.php:714
/Users/mauricio/Documents/facu/2017/1S/pp_i/pousada-original/4-Implementacao/4.1-Codigo_Fonte/database/seeds/ResetPasswordSeeder.php:18
/Users/mauricio/Documents/facu/2017/1S/pp_i/pousada-original/4-Implementacao/4.1-Codigo_Fonte/vendor/laravel/framework/src/Illuminate/Database/Console/Seeds/SeedCommand.php:63
/Users/mauricio/Documents/facu/2017/1S/pp_i/pousada-original/4-Implementacao/4.1-Codigo_Fonte/vendor/laravel/framework/src/Illuminate/Database/Eloquent/Model.php:2292
/Users/mauricio/Documents/facu/2017/1S/pp_i/pousada-original/4-Implementacao/4.1-Codigo_Fonte/vendor/laravel/framework/src/Illuminate/Database/Console/Seeds/SeedCommand.php:64
/Users/mauricio/Documents/facu/2017/1S/pp_i/pousada-original/4-Implementacao/4.1-Codigo_Fonte/vendor/laravel/framework/src/Illuminate/Container/Container.php:508
/Users/mauricio/Documents/facu/2017/1S/pp_i/pousada-original/4-Implementacao/4.1-Codigo_Fonte/vendor/laravel/framework/src/Illuminate/Console/Command.php:169
/Users/mauricio/Documents/facu/2017/1S/pp_i/pousada-original/4-Implementacao/4.1-Codigo_Fonte/vendor/symfony/console/Command/Command.php:261
/Users/mauricio/Documents/facu/2017/1S/pp_i/pousada-original/4-Implementacao/4.1-Codigo_Fonte/vendor/laravel/framework/src/Illuminate/Console/Command.php:155
/Users/mauricio/Documents/facu/2017/1S/pp_i/pousada-original/4-Implementacao/4.1-Codigo_Fonte/vendor/symfony/console/Application.php:817
/Users/mauricio/Documents/facu/2017/1S/pp_i/pousada-original/4-Implementacao/4.1-Codigo_Fonte/vendor/symfony/console/Application.php:185
/Users/mauricio/Documents/facu/2017/1S/pp_i/pousada-original/4-Implementacao/4.1-Codigo_Fonte/vendor/symfony/console/Application.php:116
/Users/mauricio/Documents/facu/2017/1S/pp_i/pousada-original/4-Implementacao/4.1-Codigo_Fonte/vendor/laravel/framework/src/Illuminate/Console/Application.php:107
/Users/mauricio/Documents/facu/2017/1S/pp_i/pousada-original/4-Implementacao/4.1-Codigo_Fonte/vendor/laravel/framework/src/Illuminate/Foundation/Console/Kernel.php:218
/Users/mauricio/Documents/facu/2017/1S/pp_i/pousada-original/4-Implementacao/4.1-Codigo_Fonte/vendor/laravel/framework/src/Illuminate/Foundation/Testing/Concerns/InteractsWithConsole.php:25
/Users/mauricio/Documents/facu/2017/1S/pp_i/pousada-original/4-Implementacao/4.1-Codigo_Fonte/vendor/laravel/framework/src/Illuminate/Foundation/Testing/Concerns/InteractsWithDatabase.php:87
/Users/mauricio/Documents/facu/2017/1S/pp_i/pousada-original/4-Implementacao/4.1-Codigo_Fonte/tests/UsuariosTest.php:65

Caused by
PDOException: SQLSTATE[HY000]: General error: 1364 Field 'created_at' doesn't have a default value

/Users/mauricio/Documents/facu/2017/1S/pp_i/pousada-original/4-Implementacao/4.1-Codigo_Fonte/vendor/doctrine/dbal/lib/Doctrine/DBAL/Driver/PDOStatement.php:91
/Users/mauricio/Documents/facu/2017/1S/pp_i/pousada-original/4-Implementacao/4.1-Codigo_Fonte/vendor/doctrine/dbal/lib/Doctrine/DBAL/Connection.php:1008
/Users/mauricio/Documents/facu/2017/1S/pp_i/pousada-original/4-Implementacao/4.1-Codigo_Fonte/vendor/doctrine/dbal/lib/Doctrine/DBAL/Connection.php:714
/Users/mauricio/Documents/facu/2017/1S/pp_i/pousada-original/4-Implementacao/4.1-Codigo_Fonte/database/seeds/ResetPasswordSeeder.php:18
/Users/mauricio/Documents/facu/2017/1S/pp_i/pousada-original/4-Implementacao/4.1-Codigo_Fonte/vendor/laravel/framework/src/Illuminate/Database/Console/Seeds/SeedCommand.php:63
/Users/mauricio/Documents/facu/2017/1S/pp_i/pousada-original/4-Implementacao/4.1-Codigo_Fonte/vendor/laravel/framework/src/Illuminate/Database/Eloquent/Model.php:2292
/Users/mauricio/Documents/facu/2017/1S/pp_i/pousada-original/4-Implementacao/4.1-Codigo_Fonte/vendor/laravel/framework/src/Illuminate/Database/Console/Seeds/SeedCommand.php:64
/Users/mauricio/Documents/facu/2017/1S/pp_i/pousada-original/4-Implementacao/4.1-Codigo_Fonte/vendor/laravel/framework/src/Illuminate/Container/Container.php:508
/Users/mauricio/Documents/facu/2017/1S/pp_i/pousada-original/4-Implementacao/4.1-Codigo_Fonte/vendor/laravel/framework/src/Illuminate/Console/Command.php:169
/Users/mauricio/Documents/facu/2017/1S/pp_i/pousada-original/4-Implementacao/4.1-Codigo_Fonte/vendor/symfony/console/Command/Command.php:261
/Users/mauricio/Documents/facu/2017/1S/pp_i/pousada-original/4-Implementacao/4.1-Codigo_Fonte/vendor/laravel/framework/src/Illuminate/Console/Command.php:155
/Users/mauricio/Documents/facu/2017/1S/pp_i/pousada-original/4-Implementacao/4.1-Codigo_Fonte/vendor/symfony/console/Application.php:817
/Users/mauricio/Documents/facu/2017/1S/pp_i/pousada-original/4-Implementacao/4.1-Codigo_Fonte/vendor/symfony/console/Application.php:185
/Users/mauricio/Documents/facu/2017/1S/pp_i/pousada-original/4-Implementacao/4.1-Codigo_Fonte/vendor/symfony/console/Application.php:116
/Users/mauricio/Documents/facu/2017/1S/pp_i/pousada-original/4-Implementacao/4.1-Codigo_Fonte/vendor/laravel/framework/src/Illuminate/Console/Application.php:107
/Users/mauricio/Documents/facu/2017/1S/pp_i/pousada-original/4-Implementacao/4.1-Codigo_Fonte/vendor/laravel/framework/src/Illuminate/Foundation/Console/Kernel.php:218
/Users/mauricio/Documents/facu/2017/1S/pp_i/pousada-original/4-Implementacao/4.1-Codigo_Fonte/vendor/laravel/framework/src/Illuminate/Foundation/Testing/Concerns/InteractsWithConsole.php:25
/Users/mauricio/Documents/facu/2017/1S/pp_i/pousada-original/4-Implementacao/4.1-Codigo_Fonte/vendor/laravel/framework/src/Illuminate/Foundation/Testing/Concerns/InteractsWithDatabase.php:87
/Users/mauricio/Documents/facu/2017/1S/pp_i/pousada-original/4-Implementacao/4.1-Codigo_Fonte/tests/UsuariosTest.php:65

10) UsuariosTest::testCreateUsuarioForbiddenUser
TypeError: Argument 1 passed to Illuminate\Foundation\Testing\TestCase::be() must implement interface Illuminate\Contracts\Auth\Authenticatable, null given, called in /Users/mauricio/Documents/facu/2017/1S/pp_i/pousada-original/4-Implementacao/4.1-Codigo_Fonte/tests/UsuariosTest.php on line 163

/Users/mauricio/Documents/facu/2017/1S/pp_i/pousada-original/4-Implementacao/4.1-Codigo_Fonte/vendor/laravel/framework/src/Illuminate/Foundation/Testing/Concerns/ImpersonatesUsers.php:28
/Users/mauricio/Documents/facu/2017/1S/pp_i/pousada-original/4-Implementacao/4.1-Codigo_Fonte/tests/UsuariosTest.php:163

--

There were 8 failures:

1) UsuariosTest::testLoginFailPasswordIncorrect
Session missing error: login
Failed asserting that false is true.

/Users/mauricio/Documents/facu/2017/1S/pp_i/pousada-original/4-Implementacao/4.1-Codigo_Fonte/vendor/laravel/framework/src/Illuminate/Foundation/Testing/Concerns/InteractsWithSession.php:158
/Users/mauricio/Documents/facu/2017/1S/pp_i/pousada-original/4-Implementacao/4.1-Codigo_Fonte/tests/UsuariosTest.php:50

2) UsuariosTest::testResetPasswordByEmail
Expected status code 200, got 302.
Failed asserting that false is true.

/Users/mauricio/Documents/facu/2017/1S/pp_i/pousada-original/4-Implementacao/4.1-Codigo_Fonte/vendor/laravel/framework/src/Illuminate/Foundation/Testing/Concerns/MakesHttpRequests.php:729
/Users/mauricio/Documents/facu/2017/1S/pp_i/pousada-original/4-Implementacao/4.1-Codigo_Fonte/tests/UsuariosTest.php:59

3) UsuariosTest::testShowAllUsuarios
<head>
<meta charset="utf-8">
<meta http-equiv="X-UA-Compatible" content="IE=edge">
<meta name="viewport" content="width=device-width, initial-scale=1">
<!-- CSRF Token --><meta name="csrf-token" content="IsLpaS2vRRWUySAlgpcXH4h2c40cKRfiqcD3GZwy">
<title>Pousada Quedas D'Agua | Login</title>
<!-- Styles --><link href="/css/app.css" rel="stylesheet">
<!-- Scripts --><script>
        window.Laravel = {"csrfToken":"IsLpaS2vRRWUySAlgpcXH4h2c40cKRfiqcD3GZwy"}    </script>
</head>
<body>
    <div id="app">
        
            
                

                    
                    
                        
                        
                        
                        
                    
                

                
                    
                    
                        
                    

                    
                    
                        
                        
                            
                            
                        
                            
                                
                                    
                                

                                
                                    
                                        
                                            
                                                     
                                            
                                        

                                        
                                            
                                        
                                    
                                
                            
                        
                    
                
            
        

        <div style="margin-top: 50px;">
            <div class="container">
    <div class="row">
        <div class="col-md-8 col-md-offset-2">
            <div class="panel panel-default">
                <div class="panel-heading">Email</div>
                <div class="panel-body">
                    <form class="form-horizontal" role="form" method="POST" action="http://localhost/login">
                        <input type="hidden" name="_token" value="IsLpaS2vRRWUySAlgpcXH4h2c40cKRfiqcD3GZwy"><div class="form-group">
                            <label for="email" class="col-md-4 control-label">E-mail</label>

                            <div class="col-md-6">
                                <input id="email" type="text" class="form-control" name="email" value="" required autofocus>
</div>
                        </div>

                        <div class="form-group">
                            <label for="password" class="col-md-4 control-label">Password</label>

                            <div class="col-md-6">
                                <input id="password" type="password" class="form-control" name="password" required>
</div>
                        </div>

                        <div class="form-group">
                            <div class="col-md-6 col-md-offset-4">
                                <div class="checkbox">
                                    <label>
                                        <input type="checkbox" name="remember"> Remember Me
                                    </label>
                                </div>
                            </div>
                        </div>

                        <div class="form-group">
                            <div class="col-md-8 col-md-offset-4">
                                <button type="submit" class="btn btn-primary">
                                    Email
                                </button>

                                <a class="btn btn-link" href="http://localhost/password/reset">
                                    Forgot Your Password?
                                </a>
                            </div>
                        </div>
                    </form>
                </div>
            </div>
        </div>
    </div>
</div>
        </div>
    </div>

    <!-- Scripts -->
    <script src="/js/app.js"></script>
</body>


Failed asserting that the page contains the HTML [Total de 20 usu√°rios]. Please check the content above.

/Users/mauricio/Documents/facu/2017/1S/pp_i/pousada-original/4-Implementacao/4.1-Codigo_Fonte/vendor/laravel/framework/src/Illuminate/Foundation/Testing/Constraints/PageConstraint.php:90
/Users/mauricio/Documents/facu/2017/1S/pp_i/pousada-original/4-Implementacao/4.1-Codigo_Fonte/vendor/laravel/framework/src/Illuminate/Foundation/Testing/Concerns/InteractsWithPages.php:275
/Users/mauricio/Documents/facu/2017/1S/pp_i/pousada-original/4-Implementacao/4.1-Codigo_Fonte/vendor/laravel/framework/src/Illuminate/Foundation/Testing/Concerns/InteractsWithPages.php:291
/Users/mauricio/Documents/facu/2017/1S/pp_i/pousada-original/4-Implementacao/4.1-Codigo_Fonte/tests/UsuariosTest.php:83

4) UsuariosTest::testShowUsuarioDetails
<head>
<meta charset="utf-8">
<meta http-equiv="X-UA-Compatible" content="IE=edge">
<meta name="viewport" content="width=device-width, initial-scale=1">
<!-- CSRF Token --><meta name="csrf-token" content="tgq1mD3Iy2OYTVbCFRMdBvvfrkBRsFJC2z1YdPb4">
<title>Pousada Quedas D'Agua | Login</title>
<!-- Styles --><link href="/css/app.css" rel="stylesheet">
<!-- Scripts --><script>
        window.Laravel = {"csrfToken":"tgq1mD3Iy2OYTVbCFRMdBvvfrkBRsFJC2z1YdPb4"}    </script>
</head>
<body>
    <div id="app">
        
            
                

                    
                    
                        
                        
                        
                        
                    
                

                
                    
                    
                        
                    

                    
                    
                        
                        
                            
                            
                        
                            
                                
                                    
                                

                                
                                    
                                        
                                            
                                                     
                                            
                                        

                                        
                                            
                                        
                                    
                                
                            
                        
                    
                
            
        

        <div style="margin-top: 50px;">
            <div class="container">
    <div class="row">
        <div class="col-md-8 col-md-offset-2">
            <div class="panel panel-default">
                <div class="panel-heading">Email</div>
                <div class="panel-body">
                    <form class="form-horizontal" role="form" method="POST" action="http://localhost/login">
                        <input type="hidden" name="_token" value="tgq1mD3Iy2OYTVbCFRMdBvvfrkBRsFJC2z1YdPb4"><div class="form-group">
                            <label for="email" class="col-md-4 control-label">E-mail</label>

                            <div class="col-md-6">
                                <input id="email" type="text" class="form-control" name="email" value="" required autofocus>
</div>
                        </div>

                        <div class="form-group">
                            <label for="password" class="col-md-4 control-label">Password</label>

                            <div class="col-md-6">
                                <input id="password" type="password" class="form-control" name="password" required>
</div>
                        </div>

                        <div class="form-group">
                            <div class="col-md-6 col-md-offset-4">
                                <div class="checkbox">
                                    <label>
                                        <input type="checkbox" name="remember"> Remember Me
                                    </label>
                                </div>
                            </div>
                        </div>

                        <div class="form-group">
                            <div class="col-md-8 col-md-offset-4">
                                <button type="submit" class="btn btn-primary">
                                    Email
                                </button>

                                <a class="btn btn-link" href="http://localhost/password/reset">
                                    Forgot Your Password?
                                </a>
                            </div>
                        </div>
                    </form>
                </div>
            </div>
        </div>
    </div>
</div>
        </div>
    </div>

    <!-- Scripts -->
    <script src="/js/app.js"></script>
</body>


Failed asserting that the page contains the HTML [Nome: Ardella Fahey]. Please check the content above.

/Users/mauricio/Documents/facu/2017/1S/pp_i/pousada-original/4-Implementacao/4.1-Codigo_Fonte/vendor/laravel/framework/src/Illuminate/Foundation/Testing/Constraints/PageConstraint.php:90
/Users/mauricio/Documents/facu/2017/1S/pp_i/pousada-original/4-Implementacao/4.1-Codigo_Fonte/vendor/laravel/framework/src/Illuminate/Foundation/Testing/Concerns/InteractsWithPages.php:275
/Users/mauricio/Documents/facu/2017/1S/pp_i/pousada-original/4-Implementacao/4.1-Codigo_Fonte/vendor/laravel/framework/src/Illuminate/Foundation/Testing/Concerns/InteractsWithPages.php:291
/Users/mauricio/Documents/facu/2017/1S/pp_i/pousada-original/4-Implementacao/4.1-Codigo_Fonte/tests/UsuariosTest.php:91

5) UsuariosTest::testShowUsuarioDetailsNotFound
Expected status code 404, got 200.
Failed asserting that 200 matches expected 404.

/Users/mauricio/Documents/facu/2017/1S/pp_i/pousada-original/4-Implementacao/4.1-Codigo_Fonte/vendor/laravel/framework/src/Illuminate/Foundation/Testing/Concerns/MakesHttpRequests.php:744
/Users/mauricio/Documents/facu/2017/1S/pp_i/pousada-original/4-Implementacao/4.1-Codigo_Fonte/tests/UsuariosTest.php:98

6) UsuariosTest::testEditUsuarioEmptyFields
Session missing key: errors
Failed asserting that false is true.

/Users/mauricio/Documents/facu/2017/1S/pp_i/pousada-original/4-Implementacao/4.1-Codigo_Fonte/vendor/laravel/framework/src/Illuminate/Foundation/Testing/Concerns/InteractsWithSession.php:95
/Users/mauricio/Documents/facu/2017/1S/pp_i/pousada-original/4-Implementacao/4.1-Codigo_Fonte/vendor/laravel/framework/src/Illuminate/Foundation/Testing/Concerns/InteractsWithSession.php:150
/Users/mauricio/Documents/facu/2017/1S/pp_i/pousada-original/4-Implementacao/4.1-Codigo_Fonte/tests/UsuariosTest.php:125

7) UsuariosTest::testCreateUsuarioPasswordConfirmationMismatch
Session missing key: errors
Failed asserting that false is true.

/Users/mauricio/Documents/facu/2017/1S/pp_i/pousada-original/4-Implementacao/4.1-Codigo_Fonte/vendor/laravel/framework/src/Illuminate/Foundation/Testing/Concerns/InteractsWithSession.php:95
/Users/mauricio/Documents/facu/2017/1S/pp_i/pousada-original/4-Implementacao/4.1-Codigo_Fonte/vendor/laravel/framework/src/Illuminate/Foundation/Testing/Concerns/InteractsWithSession.php:150
/Users/mauricio/Documents/facu/2017/1S/pp_i/pousada-original/4-Implementacao/4.1-Codigo_Fonte/tests/UsuariosTest.php:157

8) UsuariosTest::testDeleteAuthenticatedUsuarioForbidden
Expected status code 403, got 500.
Failed asserting that 500 matches expected '403'.

/Users/mauricio/Documents/facu/2017/1S/pp_i/pousada-original/4-Implementacao/4.1-Codigo_Fonte/vendor/laravel/framework/src/Illuminate/Foundation/Testing/Concerns/MakesHttpRequests.php:744
/Users/mauricio/Documents/facu/2017/1S/pp_i/pousada-original/4-Implementacao/4.1-Codigo_Fonte/tests/UsuariosTest.php:190

ERRORS!
Tests: 23, Assertions: 31, Errors: 10, Failures: 8.
